Starting training...
[EPOCH 0 ITER 0] Validation Loss: 0.663636 (accuracy: 0.635220)
[EPOCH 0 ITER 0] Loss: 0.665520 (accuracy: 0.635220)
[EPOCH 0 ITER 1] Loss: 0.774320 (accuracy: 0.672956)
[EPOCH 0 ITER 2] Loss: 0.585092 (accuracy: 0.748428)
[EPOCH 0 ITER 3] Loss: 0.628857 (accuracy: 0.698113)
[EPOCH 1 ITER 0] Loss: 0.637694 (accuracy: 0.679245)
[EPOCH 1 ITER 1] Validation Loss: 0.653074 (accuracy: 0.635220)
[EPOCH 1 ITER 1] Loss: 0.655572 (accuracy: 0.635220)
[EPOCH 1 ITER 2] Loss: 0.630006 (accuracy: 0.672956)
[EPOCH 1 ITER 3] Loss: 0.586888 (accuracy: 0.729560)
[EPOCH 2 ITER 0] Loss: 0.603849 (accuracy: 0.716981)
[EPOCH 2 ITER 1] Loss: 0.587855 (accuracy: 0.723270)
[EPOCH 2 ITER 2] Validation Loss: 0.667866 (accuracy: 0.628931)
[EPOCH 2 ITER 2] Loss: 0.675281 (accuracy: 0.628931)
[EPOCH 2 ITER 3] Loss: 0.615604 (accuracy: 0.691824)
[EPOCH 3 ITER 0] Loss: 0.590004 (accuracy: 0.748428)
[EPOCH 3 ITER 1] Loss: 0.584372 (accuracy: 0.723270)
[EPOCH 3 ITER 2] Loss: 0.611719 (accuracy: 0.660377)
[EPOCH 3 ITER 3] Validation Loss: 0.604976 (accuracy: 0.635220)
[EPOCH 3 ITER 3] Loss: 0.617814 (accuracy: 0.635220)
[EPOCH 4 ITER 0] Loss: 0.530447 (accuracy: 0.729560)
[EPOCH 4 ITER 1] Loss: 0.596627 (accuracy: 0.654088)
[EPOCH 4 ITER 2] Loss: 0.556773 (accuracy: 0.679245)
[EPOCH 4 ITER 3] Loss: 0.550604 (accuracy: 0.704403)
[EPOCH 5 ITER 0] Validation Loss: 0.548993 (accuracy: 0.628931)
[EPOCH 5 ITER 0] Loss: 0.541858 (accuracy: 0.628931)
[EPOCH 5 ITER 1] Loss: 0.548194 (accuracy: 0.672956)
[EPOCH 5 ITER 2] Loss: 0.528643 (accuracy: 0.654088)
[EPOCH 5 ITER 3] Loss: 0.519166 (accuracy: 0.723270)
[EPOCH 6 ITER 0] Loss: 0.525902 (accuracy: 0.666667)
[EPOCH 6 ITER 1] Validation Loss: 0.505370 (accuracy: 0.628931)
[EPOCH 6 ITER 1] Loss: 0.503775 (accuracy: 0.628931)
[EPOCH 6 ITER 2] Loss: 0.504707 (accuracy: 0.691824)
[EPOCH 6 ITER 3] Loss: 0.496690 (accuracy: 0.698113)
[EPOCH 7 ITER 0] Loss: 0.426005 (accuracy: 0.792453)
[EPOCH 7 ITER 1] Loss: 0.500678 (accuracy: 0.710692)
[EPOCH 7 ITER 2] Validation Loss: 0.453857 (accuracy: 0.660377)
[EPOCH 7 ITER 2] Loss: 0.473436 (accuracy: 0.660377)
[EPOCH 7 ITER 3] Loss: 0.460243 (accuracy: 0.685535)
[EPOCH 8 ITER 0] Loss: 0.452217 (accuracy: 0.723270)
[EPOCH 8 ITER 1] Loss: 0.487540 (accuracy: 0.767296)
[EPOCH 8 ITER 2] Loss: 0.480857 (accuracy: 0.754717)
[EPOCH 8 ITER 3] Validation Loss: 0.409722 (accuracy: 0.773585)
[EPOCH 8 ITER 3] Loss: 0.406393 (accuracy: 0.830189)
[EPOCH 9 ITER 0] Loss: 0.426372 (accuracy: 0.786164)
[EPOCH 9 ITER 1] Loss: 0.428695 (accuracy: 0.773585)
[EPOCH 9 ITER 2] Loss: 0.479670 (accuracy: 0.754717)
[EPOCH 9 ITER 3] Loss: 0.438371 (accuracy: 0.754717)
[EPOCH 10 ITER 0] Validation Loss: 0.401034 (accuracy: 0.773585)
[EPOCH 10 ITER 0] Loss: 0.399245 (accuracy: 0.786164)
[EPOCH 10 ITER 1] Loss: 0.441759 (accuracy: 0.735849)
[EPOCH 10 ITER 2] Loss: 0.357020 (accuracy: 0.798742)
[EPOCH 10 ITER 3] Loss: 0.477279 (accuracy: 0.735849)
[EPOCH 11 ITER 0] Loss: 0.396408 (accuracy: 0.792453)
[EPOCH 11 ITER 1] Validation Loss: 0.388457 (accuracy: 0.767296)
[EPOCH 11 ITER 1] Loss: 0.403428 (accuracy: 0.735849)
[EPOCH 11 ITER 2] Loss: 0.437252 (accuracy: 0.767296)
[EPOCH 11 ITER 3] Loss: 0.386070 (accuracy: 0.811321)
[EPOCH 12 ITER 0] Loss: 0.381580 (accuracy: 0.798742)
[EPOCH 12 ITER 1] Loss: 0.399012 (accuracy: 0.830189)
[EPOCH 12 ITER 2] Validation Loss: 0.350622 (accuracy: 0.811321)
[EPOCH 12 ITER 2] Loss: 0.358156 (accuracy: 0.842767)
[EPOCH 12 ITER 3] Loss: 0.350350 (accuracy: 0.849057)
[EPOCH 13 ITER 0] Loss: 0.352958 (accuracy: 0.823899)
[EPOCH 13 ITER 1] Loss: 0.453737 (accuracy: 0.754717)
[EPOCH 13 ITER 2] Loss: 0.376237 (accuracy: 0.792453)
[EPOCH 13 ITER 3] Validation Loss: 0.365649 (accuracy: 0.805031)
[EPOCH 13 ITER 3] Loss: 0.374227 (accuracy: 0.811321)
[EPOCH 14 ITER 0] Loss: 0.386549 (accuracy: 0.805031)
[EPOCH 14 ITER 1] Loss: 0.400572 (accuracy: 0.767296)
[EPOCH 14 ITER 2] Loss: 0.342459 (accuracy: 0.849057)
[EPOCH 14 ITER 3] Loss: 0.446977 (accuracy: 0.716981)
[EPOCH 15 ITER 0] Validation Loss: 0.354146 (accuracy: 0.805031)
[EPOCH 15 ITER 0] Loss: 0.336040 (accuracy: 0.798742)
[EPOCH 15 ITER 1] Loss: 0.358492 (accuracy: 0.830189)
[EPOCH 15 ITER 2] Loss: 0.407094 (accuracy: 0.779874)
[EPOCH 15 ITER 3] Loss: 0.411270 (accuracy: 0.792453)
[EPOCH 16 ITER 0] Loss: 0.399372 (accuracy: 0.773585)
[EPOCH 16 ITER 1] Validation Loss: 0.325741 (accuracy: 0.817610)
[EPOCH 16 ITER 1] Loss: 0.327183 (accuracy: 0.855346)
[EPOCH 16 ITER 2] Loss: 0.336823 (accuracy: 0.842767)
[EPOCH 16 ITER 3] Loss: 0.360091 (accuracy: 0.849057)
[EPOCH 17 ITER 0] Loss: 0.353452 (accuracy: 0.811321)
[EPOCH 17 ITER 1] Loss: 0.323451 (accuracy: 0.855346)
[EPOCH 17 ITER 2] Validation Loss: 0.338541 (accuracy: 0.792453)
[EPOCH 17 ITER 2] Loss: 0.344363 (accuracy: 0.836478)
[EPOCH 17 ITER 3] Loss: 0.366521 (accuracy: 0.811321)
[EPOCH 18 ITER 0] Loss: 0.382474 (accuracy: 0.830189)
[EPOCH 18 ITER 1] Loss: 0.313846 (accuracy: 0.836478)
[EPOCH 18 ITER 2] Loss: 0.296488 (accuracy: 0.836478)
[EPOCH 18 ITER 3] Validation Loss: 0.304106 (accuracy: 0.836478)
[EPOCH 18 ITER 3] Loss: 0.300646 (accuracy: 0.823899)
[EPOCH 19 ITER 0] Loss: 0.323372 (accuracy: 0.817610)
[EPOCH 19 ITER 1] Loss: 0.279882 (accuracy: 0.861635)
[EPOCH 19 ITER 2] Loss: 0.414764 (accuracy: 0.761006)
[EPOCH 19 ITER 3] Loss: 0.255898 (accuracy: 0.893082)
[EPOCH 20 ITER 0] Validation Loss: 0.300728 (accuracy: 0.817610)
[EPOCH 20 ITER 0] Loss: 0.293980 (accuracy: 0.849057)
[EPOCH 20 ITER 1] Loss: 0.306703 (accuracy: 0.849057)
[EPOCH 20 ITER 2] Loss: 0.306382 (accuracy: 0.855346)
[EPOCH 20 ITER 3] Loss: 0.265266 (accuracy: 0.867925)
[EPOCH 21 ITER 0] Loss: 0.293130 (accuracy: 0.874214)
[EPOCH 21 ITER 1] Validation Loss: 0.261471 (accuracy: 0.861635)
[EPOCH 21 ITER 1] Loss: 0.284831 (accuracy: 0.792453)
[EPOCH 21 ITER 2] Loss: 0.281065 (accuracy: 0.849057)
[EPOCH 21 ITER 3] Loss: 0.259005 (accuracy: 0.861635)
[EPOCH 22 ITER 0] Loss: 0.259383 (accuracy: 0.893082)
[EPOCH 22 ITER 1] Loss: 0.295853 (accuracy: 0.861635)
[EPOCH 22 ITER 2] Validation Loss: 0.254427 (accuracy: 0.842767)
[EPOCH 22 ITER 2] Loss: 0.260395 (accuracy: 0.836478)
[EPOCH 22 ITER 3] Loss: 0.244030 (accuracy: 0.861635)
[EPOCH 23 ITER 0] Loss: 0.271491 (accuracy: 0.849057)
[EPOCH 23 ITER 1] Loss: 0.263357 (accuracy: 0.867925)
[EPOCH 23 ITER 2] Loss: 0.257657 (accuracy: 0.905660)
[EPOCH 23 ITER 3] Validation Loss: 0.214192 (accuracy: 0.874214)
[EPOCH 23 ITER 3] Loss: 0.248905 (accuracy: 0.823899)
[EPOCH 24 ITER 0] Loss: 0.265789 (accuracy: 0.867925)
[EPOCH 24 ITER 1] Loss: 0.249994 (accuracy: 0.855346)
[EPOCH 24 ITER 2] Loss: 0.223215 (accuracy: 0.880503)
[EPOCH 24 ITER 3] Loss: 0.307603 (accuracy: 0.811321)
[EPOCH 25 ITER 0] Validation Loss: 0.244571 (accuracy: 0.830189)
[EPOCH 25 ITER 0] Loss: 0.229333 (accuracy: 0.842767)
[EPOCH 25 ITER 1] Loss: 0.241510 (accuracy: 0.842767)
[EPOCH 25 ITER 2] Loss: 0.287435 (accuracy: 0.836478)
[EPOCH 25 ITER 3] Loss: 0.279868 (accuracy: 0.798742)
[EPOCH 26 ITER 0] Loss: 0.215654 (accuracy: 0.855346)
[EPOCH 26 ITER 1] Validation Loss: 0.244364 (accuracy: 0.823899)
[EPOCH 26 ITER 1] Loss: 0.206480 (accuracy: 0.899371)
[EPOCH 26 ITER 2] Loss: 0.224188 (accuracy: 0.899371)
[EPOCH 26 ITER 3] Loss: 0.247010 (accuracy: 0.861635)
[EPOCH 27 ITER 0] Loss: 0.252413 (accuracy: 0.842767)
[EPOCH 27 ITER 1] Loss: 0.243086 (accuracy: 0.861635)
[EPOCH 27 ITER 2] Validation Loss: 0.189695 (accuracy: 0.893082)
[EPOCH 27 ITER 2] Loss: 0.215799 (accuracy: 0.849057)
[EPOCH 27 ITER 3] Loss: 0.198542 (accuracy: 0.874214)
[EPOCH 28 ITER 0] Loss: 0.197506 (accuracy: 0.855346)
[EPOCH 28 ITER 1] Loss: 0.179054 (accuracy: 0.924528)
[EPOCH 28 ITER 2] Loss: 0.184835 (accuracy: 0.899371)
[EPOCH 28 ITER 3] Validation Loss: 0.201652 (accuracy: 0.855346)
[EPOCH 28 ITER 3] Loss: 0.196513 (accuracy: 0.861635)
[EPOCH 29 ITER 0] Loss: 0.181911 (accuracy: 0.880503)
[EPOCH 29 ITER 1] Loss: 0.216773 (accuracy: 0.867925)
[EPOCH 29 ITER 2] Loss: 0.195597 (accuracy: 0.893082)
[EPOCH 29 ITER 3] Loss: 0.259944 (accuracy: 0.849057)
[EPOCH 30 ITER 0] Validation Loss: 0.181556 (accuracy: 0.874214)
[EPOCH 30 ITER 0] Loss: 0.171929 (accuracy: 0.886792)
[EPOCH 30 ITER 1] Loss: 0.171603 (accuracy: 0.886792)
[EPOCH 30 ITER 2] Loss: 0.237704 (accuracy: 0.855346)
[EPOCH 30 ITER 3] Loss: 0.179015 (accuracy: 0.874214)
[EPOCH 31 ITER 0] Loss: 0.206800 (accuracy: 0.867925)
[EPOCH 31 ITER 1] Validation Loss: 0.152618 (accuracy: 0.918239)
[EPOCH 31 ITER 1] Loss: 0.188015 (accuracy: 0.855346)
[EPOCH 31 ITER 2] Loss: 0.173432 (accuracy: 0.911950)
[EPOCH 31 ITER 3] Loss: 0.167570 (accuracy: 0.911950)
[EPOCH 32 ITER 0] Loss: 0.127969 (accuracy: 0.924528)
[EPOCH 32 ITER 1] Loss: 0.193249 (accuracy: 0.861635)
[EPOCH 32 ITER 2] Validation Loss: 0.180300 (accuracy: 0.874214)
[EPOCH 32 ITER 2] Loss: 0.133786 (accuracy: 0.924528)
[EPOCH 32 ITER 3] Loss: 0.211066 (accuracy: 0.861635)
[EPOCH 33 ITER 0] Loss: 0.155032 (accuracy: 0.918239)
[EPOCH 33 ITER 1] Loss: 0.192121 (accuracy: 0.867925)
[EPOCH 33 ITER 2] Loss: 0.230809 (accuracy: 0.861635)
[EPOCH 33 ITER 3] Validation Loss: 0.175028 (accuracy: 0.880503)
[EPOCH 33 ITER 3] Loss: 0.157671 (accuracy: 0.886792)
[EPOCH 34 ITER 0] Loss: 0.142096 (accuracy: 0.899371)
[EPOCH 34 ITER 1] Loss: 0.166881 (accuracy: 0.893082)
[EPOCH 34 ITER 2] Loss: 0.154556 (accuracy: 0.911950)
[EPOCH 34 ITER 3] Loss: 0.153300 (accuracy: 0.905660)
[EPOCH 35 ITER 0] Validation Loss: 0.140992 (accuracy: 0.905660)
[EPOCH 35 ITER 0] Loss: 0.157625 (accuracy: 0.880503)
[EPOCH 35 ITER 1] Loss: 0.178738 (accuracy: 0.874214)
[EPOCH 35 ITER 2] Loss: 0.145979 (accuracy: 0.899371)
[EPOCH 35 ITER 3] Loss: 0.188767 (accuracy: 0.905660)
[EPOCH 36 ITER 0] Loss: 0.188092 (accuracy: 0.849057)
[EPOCH 36 ITER 1] Validation Loss: 0.131371 (accuracy: 0.911950)
[EPOCH 36 ITER 1] Loss: 0.154651 (accuracy: 0.899371)
[EPOCH 36 ITER 2] Loss: 0.194351 (accuracy: 0.861635)
[EPOCH 36 ITER 3] Loss: 0.097107 (accuracy: 0.949686)
[EPOCH 37 ITER 0] Loss: 0.162731 (accuracy: 0.893082)
[EPOCH 37 ITER 1] Loss: 0.110981 (accuracy: 0.918239)
[EPOCH 37 ITER 2] Validation Loss: 0.145663 (accuracy: 0.886792)
[EPOCH 37 ITER 2] Loss: 0.143611 (accuracy: 0.886792)
[EPOCH 37 ITER 3] Loss: 0.149498 (accuracy: 0.874214)
[EPOCH 38 ITER 0] Loss: 0.143410 (accuracy: 0.918239)
[EPOCH 38 ITER 1] Loss: 0.116588 (accuracy: 0.918239)
[EPOCH 38 ITER 2] Loss: 0.137707 (accuracy: 0.893082)
[EPOCH 38 ITER 3] Validation Loss: 0.174824 (accuracy: 0.842767)
[EPOCH 38 ITER 3] Loss: 0.124515 (accuracy: 0.905660)
[EPOCH 39 ITER 0] Loss: 0.160623 (accuracy: 0.886792)
[EPOCH 39 ITER 1] Loss: 0.147781 (accuracy: 0.874214)
[EPOCH 39 ITER 2] Loss: 0.136326 (accuracy: 0.905660)
[EPOCH 39 ITER 3] Loss: 0.126857 (accuracy: 0.905660)
[EPOCH 40 ITER 0] Validation Loss: 0.119403 (accuracy: 0.905660)
[EPOCH 40 ITER 0] Loss: 0.136611 (accuracy: 0.899371)
[EPOCH 40 ITER 1] Loss: 0.138793 (accuracy: 0.893082)
[EPOCH 40 ITER 2] Loss: 0.156754 (accuracy: 0.861635)
[EPOCH 40 ITER 3] Loss: 0.172993 (accuracy: 0.867925)
[EPOCH 41 ITER 0] Loss: 0.122511 (accuracy: 0.899371)
[EPOCH 41 ITER 1] Validation Loss: 0.142558 (accuracy: 0.886792)
[EPOCH 41 ITER 1] Loss: 0.138091 (accuracy: 0.874214)
[EPOCH 41 ITER 2] Loss: 0.155696 (accuracy: 0.880503)
[EPOCH 41 ITER 3] Loss: 0.103096 (accuracy: 0.918239)
[EPOCH 42 ITER 0] Loss: 0.133169 (accuracy: 0.886792)
[EPOCH 42 ITER 1] Loss: 0.114262 (accuracy: 0.899371)
[EPOCH 42 ITER 2] Validation Loss: 0.132275 (accuracy: 0.880503)
[EPOCH 42 ITER 2] Loss: 0.151061 (accuracy: 0.849057)
[EPOCH 42 ITER 3] Loss: 0.103982 (accuracy: 0.924528)
[EPOCH 43 ITER 0] Loss: 0.135672 (accuracy: 0.874214)
[EPOCH 43 ITER 1] Loss: 0.103292 (accuracy: 0.924528)
[EPOCH 43 ITER 2] Loss: 0.116543 (accuracy: 0.911950)
[EPOCH 43 ITER 3] Validation Loss: 0.122409 (accuracy: 0.893082)
[EPOCH 43 ITER 3] Loss: 0.132798 (accuracy: 0.874214)
[EPOCH 44 ITER 0] Loss: 0.110274 (accuracy: 0.886792)
[EPOCH 44 ITER 1] Loss: 0.128483 (accuracy: 0.886792)
[EPOCH 44 ITER 2] Loss: 0.142258 (accuracy: 0.855346)
[EPOCH 44 ITER 3] Loss: 0.100188 (accuracy: 0.918239)
[EPOCH 45 ITER 0] Validation Loss: 0.094751 (accuracy: 0.918239)
[EPOCH 45 ITER 0] Loss: 0.101947 (accuracy: 0.905660)
[EPOCH 45 ITER 1] Loss: 0.111414 (accuracy: 0.893082)
[EPOCH 45 ITER 2] Loss: 0.109016 (accuracy: 0.905660)
[EPOCH 45 ITER 3] Loss: 0.142447 (accuracy: 0.886792)
[EPOCH 46 ITER 0] Loss: 0.104502 (accuracy: 0.918239)
[EPOCH 46 ITER 1] Validation Loss: 0.120417 (accuracy: 0.867925)
[EPOCH 46 ITER 1] Loss: 0.106486 (accuracy: 0.899371)
[EPOCH 46 ITER 2] Loss: 0.117253 (accuracy: 0.880503)
[EPOCH 46 ITER 3] Loss: 0.110234 (accuracy: 0.886792)
[EPOCH 47 ITER 0] Loss: 0.105095 (accuracy: 0.911950)
[EPOCH 47 ITER 1] Loss: 0.141446 (accuracy: 0.874214)
[EPOCH 47 ITER 2] Validation Loss: 0.120341 (accuracy: 0.867925)
[EPOCH 47 ITER 2] Loss: 0.103340 (accuracy: 0.886792)
[EPOCH 47 ITER 3] Loss: 0.081999 (accuracy: 0.924528)
[EPOCH 48 ITER 0] Loss: 0.094020 (accuracy: 0.911950)
[EPOCH 48 ITER 1] Loss: 0.101263 (accuracy: 0.899371)
[EPOCH 48 ITER 2] Loss: 0.109497 (accuracy: 0.886792)
[EPOCH 48 ITER 3] Validation Loss: 0.084827 (accuracy: 0.924528)
[EPOCH 48 ITER 3] Loss: 0.105417 (accuracy: 0.893082)
[EPOCH 49 ITER 0] Loss: 0.089796 (accuracy: 0.930818)
matthews coefficient (training): 0.841322
area under roc curve: 0.996187[EPOCH 49 ITER 1] Loss: 0.105995 (accuracy: 0.899371)
matthews coefficient (training): 0.753600
area under roc curve: 0.995083[EPOCH 49 ITER 2] Loss: 0.113632 (accuracy: 0.874214)
matthews coefficient (training): 0.682962
area under roc curve: 0.993639[EPOCH 49 ITER 3] Loss: 0.110053 (accuracy: 0.886792)
matthews coefficient (training): 0.748126
area under roc curve: 0.994272CONFUSION MATRIX FOR TRAINING[[434,   6],
[[434   6]
 [ 59 137]]