Starting training...
[EPOCH 0 ITER 0] Validation Loss: 0.699388 (accuracy: 0.396226)
[EPOCH 0 ITER 0] Loss: 0.700656 (accuracy: 0.440252)
[EPOCH 0 ITER 1] Loss: 0.734500 (accuracy: 0.654088)
[EPOCH 0 ITER 2] Loss: 0.632901 (accuracy: 0.691824)
[EPOCH 0 ITER 3] Loss: 0.604717 (accuracy: 0.710692)
[EPOCH 1 ITER 0] Loss: 0.625551 (accuracy: 0.685535)
[EPOCH 1 ITER 1] Validation Loss: 0.648602 (accuracy: 0.641509)
[EPOCH 1 ITER 1] Loss: 0.654702 (accuracy: 0.635220)
[EPOCH 1 ITER 2] Loss: 0.625815 (accuracy: 0.666667)
[EPOCH 1 ITER 3] Loss: 0.568338 (accuracy: 0.761006)
[EPOCH 2 ITER 0] Loss: 0.586964 (accuracy: 0.729560)
[EPOCH 2 ITER 1] Loss: 0.606035 (accuracy: 0.685535)
[EPOCH 2 ITER 2] Validation Loss: 0.615547 (accuracy: 0.647799)
[EPOCH 2 ITER 2] Loss: 0.611933 (accuracy: 0.647799)
[EPOCH 2 ITER 3] Loss: 0.604862 (accuracy: 0.654088)
[EPOCH 3 ITER 0] Loss: 0.560925 (accuracy: 0.716981)
[EPOCH 3 ITER 1] Loss: 0.575910 (accuracy: 0.685535)
[EPOCH 3 ITER 2] Loss: 0.560792 (accuracy: 0.698113)
[EPOCH 3 ITER 3] Validation Loss: 0.548784 (accuracy: 0.635220)
[EPOCH 3 ITER 3] Loss: 0.552946 (accuracy: 0.635220)
[EPOCH 4 ITER 0] Loss: 0.542718 (accuracy: 0.716981)
[EPOCH 4 ITER 1] Loss: 0.513523 (accuracy: 0.666667)
[EPOCH 4 ITER 2] Loss: 0.482778 (accuracy: 0.792453)
[EPOCH 4 ITER 3] Loss: 0.493055 (accuracy: 0.723270)
[EPOCH 5 ITER 0] Validation Loss: 0.516015 (accuracy: 0.660377)
[EPOCH 5 ITER 0] Loss: 0.507954 (accuracy: 0.672956)
[EPOCH 5 ITER 1] Loss: 0.521763 (accuracy: 0.710692)
[EPOCH 5 ITER 2] Loss: 0.494254 (accuracy: 0.792453)
[EPOCH 5 ITER 3] Loss: 0.478543 (accuracy: 0.811321)
[EPOCH 6 ITER 0] Loss: 0.465466 (accuracy: 0.792453)
[EPOCH 6 ITER 1] Validation Loss: 0.448931 (accuracy: 0.767296)
[EPOCH 6 ITER 1] Loss: 0.455779 (accuracy: 0.767296)
[EPOCH 6 ITER 2] Loss: 0.474378 (accuracy: 0.798742)
[EPOCH 6 ITER 3] Loss: 0.420857 (accuracy: 0.786164)
[EPOCH 7 ITER 0] Loss: 0.455723 (accuracy: 0.792453)
[EPOCH 7 ITER 1] Loss: 0.368692 (accuracy: 0.805031)
[EPOCH 7 ITER 2] Validation Loss: 0.445089 (accuracy: 0.786164)
[EPOCH 7 ITER 2] Loss: 0.438005 (accuracy: 0.773585)
[EPOCH 7 ITER 3] Loss: 0.482113 (accuracy: 0.792453)
[EPOCH 8 ITER 0] Loss: 0.438608 (accuracy: 0.792453)
[EPOCH 8 ITER 1] Loss: 0.407907 (accuracy: 0.880503)
[EPOCH 8 ITER 2] Loss: 0.409224 (accuracy: 0.817610)
[EPOCH 8 ITER 3] Validation Loss: 0.374313 (accuracy: 0.842767)
[EPOCH 8 ITER 3] Loss: 0.386086 (accuracy: 0.855346)
[EPOCH 9 ITER 0] Loss: 0.432829 (accuracy: 0.830189)
[EPOCH 9 ITER 1] Loss: 0.398166 (accuracy: 0.830189)
[EPOCH 9 ITER 2] Loss: 0.389754 (accuracy: 0.874214)
[EPOCH 9 ITER 3] Loss: 0.475616 (accuracy: 0.823899)
[EPOCH 10 ITER 0] Validation Loss: 0.364804 (accuracy: 0.855346)
[EPOCH 10 ITER 0] Loss: 0.356261 (accuracy: 0.823899)
[EPOCH 10 ITER 1] Loss: 0.444023 (accuracy: 0.792453)
[EPOCH 10 ITER 2] Loss: 0.397865 (accuracy: 0.855346)
[EPOCH 10 ITER 3] Loss: 0.426904 (accuracy: 0.805031)
[EPOCH 11 ITER 0] Loss: 0.379093 (accuracy: 0.830189)
[EPOCH 11 ITER 1] Validation Loss: 0.363094 (accuracy: 0.855346)
[EPOCH 11 ITER 1] Loss: 0.347010 (accuracy: 0.886792)
[EPOCH 11 ITER 2] Loss: 0.426520 (accuracy: 0.792453)
[EPOCH 11 ITER 3] Loss: 0.405037 (accuracy: 0.836478)
[EPOCH 12 ITER 0] Loss: 0.439414 (accuracy: 0.817610)
[EPOCH 12 ITER 1] Loss: 0.362032 (accuracy: 0.849057)
[EPOCH 12 ITER 2] Validation Loss: 0.324262 (accuracy: 0.874214)
[EPOCH 12 ITER 2] Loss: 0.319553 (accuracy: 0.893082)
[EPOCH 12 ITER 3] Loss: 0.410971 (accuracy: 0.817610)
[EPOCH 13 ITER 0] Loss: 0.400466 (accuracy: 0.842767)
[EPOCH 13 ITER 1] Loss: 0.320674 (accuracy: 0.861635)
[EPOCH 13 ITER 2] Loss: 0.368977 (accuracy: 0.823899)
[EPOCH 13 ITER 3] Validation Loss: 0.336155 (accuracy: 0.867925)
[EPOCH 13 ITER 3] Loss: 0.328724 (accuracy: 0.842767)
[EPOCH 14 ITER 0] Loss: 0.321123 (accuracy: 0.886792)
[EPOCH 14 ITER 1] Loss: 0.363012 (accuracy: 0.867925)
[EPOCH 14 ITER 2] Loss: 0.372689 (accuracy: 0.836478)
[EPOCH 14 ITER 3] Loss: 0.351851 (accuracy: 0.867925)
[EPOCH 15 ITER 0] Validation Loss: 0.310259 (accuracy: 0.893082)
[EPOCH 15 ITER 0] Loss: 0.308904 (accuracy: 0.893082)
[EPOCH 15 ITER 1] Loss: 0.300962 (accuracy: 0.905660)
[EPOCH 15 ITER 2] Loss: 0.320839 (accuracy: 0.867925)
[EPOCH 15 ITER 3] Loss: 0.368126 (accuracy: 0.861635)
[EPOCH 16 ITER 0] Loss: 0.338747 (accuracy: 0.880503)
[EPOCH 16 ITER 1] Validation Loss: 0.265341 (accuracy: 0.899371)
[EPOCH 16 ITER 1] Loss: 0.298584 (accuracy: 0.874214)
[EPOCH 16 ITER 2] Loss: 0.295148 (accuracy: 0.893082)
[EPOCH 16 ITER 3] Loss: 0.282318 (accuracy: 0.880503)
[EPOCH 17 ITER 0] Loss: 0.287535 (accuracy: 0.886792)
[EPOCH 17 ITER 1] Loss: 0.315035 (accuracy: 0.886792)
[EPOCH 17 ITER 2] Validation Loss: 0.277238 (accuracy: 0.861635)
[EPOCH 17 ITER 2] Loss: 0.277215 (accuracy: 0.867925)
[EPOCH 17 ITER 3] Loss: 0.313671 (accuracy: 0.886792)
[EPOCH 18 ITER 0] Loss: 0.287348 (accuracy: 0.905660)
[EPOCH 18 ITER 1] Loss: 0.333148 (accuracy: 0.823899)
[EPOCH 18 ITER 2] Loss: 0.306489 (accuracy: 0.861635)
[EPOCH 18 ITER 3] Validation Loss: 0.254928 (accuracy: 0.905660)
[EPOCH 18 ITER 3] Loss: 0.251089 (accuracy: 0.905660)
[EPOCH 19 ITER 0] Loss: 0.278602 (accuracy: 0.893082)
[EPOCH 19 ITER 1] Loss: 0.274142 (accuracy: 0.886792)
[EPOCH 19 ITER 2] Loss: 0.278377 (accuracy: 0.886792)
[EPOCH 19 ITER 3] Loss: 0.319659 (accuracy: 0.880503)
[EPOCH 20 ITER 0] Validation Loss: 0.282475 (accuracy: 0.880503)
[EPOCH 20 ITER 0] Loss: 0.270875 (accuracy: 0.924528)
[EPOCH 20 ITER 1] Loss: 0.252979 (accuracy: 0.930818)
[EPOCH 20 ITER 2] Loss: 0.277393 (accuracy: 0.880503)
[EPOCH 20 ITER 3] Loss: 0.297934 (accuracy: 0.899371)
[EPOCH 21 ITER 0] Loss: 0.367888 (accuracy: 0.842767)
[EPOCH 21 ITER 1] Validation Loss: 0.257757 (accuracy: 0.893082)
[EPOCH 21 ITER 1] Loss: 0.236810 (accuracy: 0.893082)
[EPOCH 21 ITER 2] Loss: 0.247130 (accuracy: 0.924528)
[EPOCH 21 ITER 3] Loss: 0.214223 (accuracy: 0.930818)
[EPOCH 22 ITER 0] Loss: 0.263063 (accuracy: 0.918239)
[EPOCH 22 ITER 1] Loss: 0.209688 (accuracy: 0.937107)
[EPOCH 22 ITER 2] Validation Loss: 0.236492 (accuracy: 0.880503)
[EPOCH 22 ITER 2] Loss: 0.217435 (accuracy: 0.918239)
[EPOCH 22 ITER 3] Loss: 0.237206 (accuracy: 0.911950)
[EPOCH 23 ITER 0] Loss: 0.244349 (accuracy: 0.886792)
[EPOCH 23 ITER 1] Loss: 0.266561 (accuracy: 0.905660)
[EPOCH 23 ITER 2] Loss: 0.259360 (accuracy: 0.886792)
[EPOCH 23 ITER 3] Validation Loss: 0.202333 (accuracy: 0.930818)
[EPOCH 23 ITER 3] Loss: 0.216057 (accuracy: 0.893082)
[EPOCH 24 ITER 0] Loss: 0.219182 (accuracy: 0.924528)
[EPOCH 24 ITER 1] Loss: 0.286053 (accuracy: 0.880503)
[EPOCH 24 ITER 2] Loss: 0.218504 (accuracy: 0.905660)
[EPOCH 24 ITER 3] Loss: 0.188237 (accuracy: 0.937107)
[EPOCH 25 ITER 0] Validation Loss: 0.215596 (accuracy: 0.924528)
[EPOCH 25 ITER 0] Loss: 0.227470 (accuracy: 0.893082)
[EPOCH 25 ITER 1] Loss: 0.220372 (accuracy: 0.911950)
[EPOCH 25 ITER 2] Loss: 0.215305 (accuracy: 0.943396)
[EPOCH 25 ITER 3] Loss: 0.214454 (accuracy: 0.911950)
[EPOCH 26 ITER 0] Loss: 0.162216 (accuracy: 0.943396)
[EPOCH 26 ITER 1] Validation Loss: 0.202771 (accuracy: 0.911950)
[EPOCH 26 ITER 1] Loss: 0.210092 (accuracy: 0.937107)
[EPOCH 26 ITER 2] Loss: 0.214209 (accuracy: 0.905660)
[EPOCH 26 ITER 3] Loss: 0.194175 (accuracy: 0.955975)
[EPOCH 27 ITER 0] Loss: 0.195247 (accuracy: 0.918239)
[EPOCH 27 ITER 1] Loss: 0.183587 (accuracy: 0.924528)
[EPOCH 27 ITER 2] Validation Loss: 0.184303 (accuracy: 0.930818)
[EPOCH 27 ITER 2] Loss: 0.153469 (accuracy: 0.962264)
[EPOCH 27 ITER 3] Loss: 0.152414 (accuracy: 0.949686)
[EPOCH 28 ITER 0] Loss: 0.187622 (accuracy: 0.924528)
[EPOCH 28 ITER 1] Loss: 0.180708 (accuracy: 0.943396)
[EPOCH 28 ITER 2] Loss: 0.161884 (accuracy: 0.937107)
[EPOCH 28 ITER 3] Validation Loss: 0.133493 (accuracy: 0.962264)
[EPOCH 28 ITER 3] Loss: 0.167160 (accuracy: 0.918239)
[EPOCH 29 ITER 0] Loss: 0.223094 (accuracy: 0.905660)
[EPOCH 29 ITER 1] Loss: 0.126164 (accuracy: 0.962264)
[EPOCH 29 ITER 2] Loss: 0.175479 (accuracy: 0.924528)
[EPOCH 29 ITER 3] Loss: 0.255144 (accuracy: 0.886792)
[EPOCH 30 ITER 0] Validation Loss: 0.149015 (accuracy: 0.968553)
[EPOCH 30 ITER 0] Loss: 0.154891 (accuracy: 0.943396)
[EPOCH 30 ITER 1] Loss: 0.193868 (accuracy: 0.924528)
[EPOCH 30 ITER 2] Loss: 0.191899 (accuracy: 0.937107)
[EPOCH 30 ITER 3] Loss: 0.159907 (accuracy: 0.943396)
[EPOCH 31 ITER 0] Loss: 0.203216 (accuracy: 0.930818)
[EPOCH 31 ITER 1] Validation Loss: 0.149461 (accuracy: 0.968553)
[EPOCH 31 ITER 1] Loss: 0.143835 (accuracy: 0.962264)
[EPOCH 31 ITER 2] Loss: 0.136383 (accuracy: 0.955975)
[EPOCH 31 ITER 3] Loss: 0.175343 (accuracy: 0.962264)
[EPOCH 32 ITER 0] Loss: 0.181026 (accuracy: 0.930818)
[EPOCH 32 ITER 1] Loss: 0.191475 (accuracy: 0.937107)
[EPOCH 32 ITER 2] Validation Loss: 0.139210 (accuracy: 0.930818)
[EPOCH 32 ITER 2] Loss: 0.138274 (accuracy: 0.962264)
[EPOCH 32 ITER 3] Loss: 0.149174 (accuracy: 0.943396)
[EPOCH 33 ITER 0] Loss: 0.153866 (accuracy: 0.930818)
[EPOCH 33 ITER 1] Loss: 0.167486 (accuracy: 0.937107)
[EPOCH 33 ITER 2] Loss: 0.142017 (accuracy: 0.955975)
[EPOCH 33 ITER 3] Validation Loss: 0.117853 (accuracy: 0.949686)
[EPOCH 33 ITER 3] Loss: 0.105499 (accuracy: 0.968553)
[EPOCH 34 ITER 0] Loss: 0.124780 (accuracy: 0.955975)
[EPOCH 34 ITER 1] Loss: 0.139189 (accuracy: 0.962264)
[EPOCH 34 ITER 2] Loss: 0.148124 (accuracy: 0.930818)
[EPOCH 34 ITER 3] Loss: 0.154651 (accuracy: 0.930818)
[EPOCH 35 ITER 0] Validation Loss: 0.146235 (accuracy: 0.943396)
[EPOCH 35 ITER 0] Loss: 0.127106 (accuracy: 0.943396)
[EPOCH 35 ITER 1] Loss: 0.096849 (accuracy: 0.968553)
[EPOCH 35 ITER 2] Loss: 0.112846 (accuracy: 0.962264)
[EPOCH 35 ITER 3] Loss: 0.167164 (accuracy: 0.937107)
[EPOCH 36 ITER 0] Loss: 0.171132 (accuracy: 0.918239)
[EPOCH 36 ITER 1] Validation Loss: 0.113105 (accuracy: 0.968553)
[EPOCH 36 ITER 1] Loss: 0.113037 (accuracy: 0.962264)
[EPOCH 36 ITER 2] Loss: 0.126790 (accuracy: 0.949686)
[EPOCH 36 ITER 3] Loss: 0.105887 (accuracy: 0.974843)
[EPOCH 37 ITER 0] Loss: 0.108144 (accuracy: 0.962264)
[EPOCH 37 ITER 1] Loss: 0.120274 (accuracy: 0.968553)
[EPOCH 37 ITER 2] Validation Loss: 0.121512 (accuracy: 0.968553)
[EPOCH 37 ITER 2] Loss: 0.100855 (accuracy: 0.968553)
[EPOCH 37 ITER 3] Loss: 0.101455 (accuracy: 0.955975)
[EPOCH 38 ITER 0] Loss: 0.154900 (accuracy: 0.949686)
[EPOCH 38 ITER 1] Loss: 0.132369 (accuracy: 0.955975)
[EPOCH 38 ITER 2] Loss: 0.095301 (accuracy: 0.974843)
[EPOCH 38 ITER 3] Validation Loss: 0.104612 (accuracy: 0.962264)
[EPOCH 38 ITER 3] Loss: 0.099462 (accuracy: 0.993711)
[EPOCH 39 ITER 0] Loss: 0.145497 (accuracy: 0.930818)
[EPOCH 39 ITER 1] Loss: 0.115525 (accuracy: 0.937107)
[EPOCH 39 ITER 2] Loss: 0.119807 (accuracy: 0.949686)
[EPOCH 39 ITER 3] Loss: 0.106413 (accuracy: 0.968553)
[EPOCH 40 ITER 0] Validation Loss: 0.088185 (accuracy: 0.987421)
[EPOCH 40 ITER 0] Loss: 0.074872 (accuracy: 0.974843)
[EPOCH 40 ITER 1] Loss: 0.125879 (accuracy: 0.949686)
[EPOCH 40 ITER 2] Loss: 0.105012 (accuracy: 0.962264)
[EPOCH 40 ITER 3] Loss: 0.110025 (accuracy: 0.955975)
[EPOCH 41 ITER 0] Loss: 0.086218 (accuracy: 0.962264)
[EPOCH 41 ITER 1] Validation Loss: 0.116252 (accuracy: 0.955975)
[EPOCH 41 ITER 1] Loss: 0.120372 (accuracy: 0.955975)
[EPOCH 41 ITER 2] Loss: 0.092402 (accuracy: 0.968553)
[EPOCH 41 ITER 3] Loss: 0.110480 (accuracy: 0.962264)
[EPOCH 42 ITER 0] Loss: 0.113848 (accuracy: 0.949686)
[EPOCH 42 ITER 1] Loss: 0.108366 (accuracy: 0.974843)
[EPOCH 42 ITER 2] Validation Loss: 0.061782 (accuracy: 1.000000)
[EPOCH 42 ITER 2] Loss: 0.107712 (accuracy: 0.962264)
[EPOCH 42 ITER 3] Loss: 0.112636 (accuracy: 0.955975)
[EPOCH 43 ITER 0] Loss: 0.086842 (accuracy: 0.981132)
[EPOCH 43 ITER 1] Loss: 0.077946 (accuracy: 0.968553)
[EPOCH 43 ITER 2] Loss: 0.096384 (accuracy: 0.962264)
[EPOCH 43 ITER 3] Validation Loss: 0.087520 (accuracy: 0.955975)
[EPOCH 43 ITER 3] Loss: 0.097127 (accuracy: 0.962264)
[EPOCH 44 ITER 0] Loss: 0.099830 (accuracy: 0.962264)
[EPOCH 44 ITER 1] Loss: 0.094453 (accuracy: 0.968553)
[EPOCH 44 ITER 2] Loss: 0.103115 (accuracy: 0.968553)
[EPOCH 44 ITER 3] Loss: 0.103466 (accuracy: 0.968553)
[EPOCH 45 ITER 0] Validation Loss: 0.077185 (accuracy: 0.993711)
[EPOCH 45 ITER 0] Loss: 0.061968 (accuracy: 0.993711)
[EPOCH 45 ITER 1] Loss: 0.088379 (accuracy: 0.974843)
[EPOCH 45 ITER 2] Loss: 0.077525 (accuracy: 0.993711)
[EPOCH 45 ITER 3] Loss: 0.066940 (accuracy: 0.981132)
[EPOCH 46 ITER 0] Loss: 0.081824 (accuracy: 0.987421)
[EPOCH 46 ITER 1] Validation Loss: 0.064928 (accuracy: 0.993711)
[EPOCH 46 ITER 1] Loss: 0.062784 (accuracy: 0.993711)
[EPOCH 46 ITER 2] Loss: 0.064805 (accuracy: 0.974843)
[EPOCH 46 ITER 3] Loss: 0.091154 (accuracy: 0.949686)
[EPOCH 47 ITER 0] Loss: 0.075676 (accuracy: 0.974843)
[EPOCH 47 ITER 1] Loss: 0.067700 (accuracy: 0.981132)
[EPOCH 47 ITER 2] Validation Loss: 0.060247 (accuracy: 1.000000)
[EPOCH 47 ITER 2] Loss: 0.083783 (accuracy: 0.968553)
[EPOCH 47 ITER 3] Loss: 0.073106 (accuracy: 0.974843)
[EPOCH 48 ITER 0] Loss: 0.092311 (accuracy: 0.962264)
[EPOCH 48 ITER 1] Loss: 0.080383 (accuracy: 0.968553)
[EPOCH 48 ITER 2] Loss: 0.083708 (accuracy: 0.974843)
[EPOCH 48 ITER 3] Validation Loss: 0.067211 (accuracy: 0.981132)
[EPOCH 48 ITER 3] Loss: 0.067577 (accuracy: 0.981132)
[EPOCH 49 ITER 0] Loss: 0.076835 (accuracy: 0.981132)
[EPOCH 49 ITER 1] Loss: 0.059270 (accuracy: 0.974843)
[EPOCH 49 ITER 2] Loss: 0.119649 (accuracy: 0.955975)
[EPOCH 49 ITER 3] Loss: 0.047004 (accuracy: 0.993711)
CONFUSION MATRIX FOR TRAINING
[[433   7]
 [  8 188]]