Starting training...
[EPOCH 0 ITER 0] Validation Loss: 0.733240 (accuracy: 0.371069)
[EPOCH 0 ITER 0] Loss: 0.733906 (accuracy: 0.371069)
[EPOCH 0 ITER 1] Loss: 0.682687 (accuracy: 0.660377)
[EPOCH 0 ITER 2] Loss: 0.567842 (accuracy: 0.748428)
[EPOCH 0 ITER 3] Loss: 0.711811 (accuracy: 0.616352)
[EPOCH 1 ITER 0] Loss: 0.612429 (accuracy: 0.691824)
[EPOCH 1 ITER 1] Validation Loss: 0.665906 (accuracy: 0.622642)
[EPOCH 1 ITER 1] Loss: 0.653040 (accuracy: 0.597484)
[EPOCH 1 ITER 2] Loss: 0.650225 (accuracy: 0.597484)
[EPOCH 1 ITER 3] Loss: 0.630768 (accuracy: 0.698113)
[EPOCH 2 ITER 0] Loss: 0.604101 (accuracy: 0.698113)
[EPOCH 2 ITER 1] Loss: 0.648751 (accuracy: 0.666667)
[EPOCH 2 ITER 2] Validation Loss: 0.629143 (accuracy: 0.628931)
[EPOCH 2 ITER 2] Loss: 0.665372 (accuracy: 0.628931)
[EPOCH 2 ITER 3] Loss: 0.609353 (accuracy: 0.704403)
[EPOCH 3 ITER 0] Loss: 0.616431 (accuracy: 0.685535)
[EPOCH 3 ITER 1] Loss: 0.599679 (accuracy: 0.704403)
[EPOCH 3 ITER 2] Loss: 0.572549 (accuracy: 0.691824)
[EPOCH 3 ITER 3] Validation Loss: 0.585699 (accuracy: 0.641509)
[EPOCH 3 ITER 3] Loss: 0.619656 (accuracy: 0.622642)
[EPOCH 4 ITER 0] Loss: 0.536937 (accuracy: 0.729560)
[EPOCH 4 ITER 1] Loss: 0.541921 (accuracy: 0.685535)
[EPOCH 4 ITER 2] Loss: 0.552875 (accuracy: 0.685535)
[EPOCH 4 ITER 3] Loss: 0.525915 (accuracy: 0.698113)
[EPOCH 5 ITER 0] Validation Loss: 0.517341 (accuracy: 0.641509)
[EPOCH 5 ITER 0] Loss: 0.533233 (accuracy: 0.647799)
[EPOCH 5 ITER 1] Loss: 0.488250 (accuracy: 0.723270)
[EPOCH 5 ITER 2] Loss: 0.461336 (accuracy: 0.742138)
[EPOCH 5 ITER 3] Loss: 0.594795 (accuracy: 0.647799)
[EPOCH 6 ITER 0] Loss: 0.413275 (accuracy: 0.798742)
[EPOCH 6 ITER 1] Validation Loss: 0.456622 (accuracy: 0.767296)
[EPOCH 6 ITER 1] Loss: 0.444459 (accuracy: 0.704403)
[EPOCH 6 ITER 2] Loss: 0.517684 (accuracy: 0.735849)
[EPOCH 6 ITER 3] Loss: 0.490027 (accuracy: 0.773585)
[EPOCH 7 ITER 0] Loss: 0.518079 (accuracy: 0.773585)
[EPOCH 7 ITER 1] Loss: 0.505768 (accuracy: 0.779874)
[EPOCH 7 ITER 2] Validation Loss: 0.412668 (accuracy: 0.855346)
[EPOCH 7 ITER 2] Loss: 0.407212 (accuracy: 0.855346)
[EPOCH 7 ITER 3] Loss: 0.402830 (accuracy: 0.836478)
[EPOCH 8 ITER 0] Loss: 0.443023 (accuracy: 0.811321)
[EPOCH 8 ITER 1] Loss: 0.481732 (accuracy: 0.811321)
[EPOCH 8 ITER 2] Loss: 0.464298 (accuracy: 0.798742)
[EPOCH 8 ITER 3] Validation Loss: 0.417118 (accuracy: 0.867925)
[EPOCH 8 ITER 3] Loss: 0.425797 (accuracy: 0.855346)
[EPOCH 9 ITER 0] Loss: 0.395555 (accuracy: 0.861635)
[EPOCH 9 ITER 1] Loss: 0.403052 (accuracy: 0.842767)
[EPOCH 9 ITER 2] Loss: 0.480029 (accuracy: 0.767296)
[EPOCH 9 ITER 3] Loss: 0.494687 (accuracy: 0.817610)
[EPOCH 10 ITER 0] Validation Loss: 0.407793 (accuracy: 0.811321)
[EPOCH 10 ITER 0] Loss: 0.385871 (accuracy: 0.786164)
[EPOCH 10 ITER 1] Loss: 0.399334 (accuracy: 0.836478)
[EPOCH 10 ITER 2] Loss: 0.415509 (accuracy: 0.855346)
[EPOCH 10 ITER 3] Loss: 0.443711 (accuracy: 0.817610)
[EPOCH 11 ITER 0] Loss: 0.491163 (accuracy: 0.805031)
[EPOCH 11 ITER 1] Validation Loss: 0.362656 (accuracy: 0.899371)
[EPOCH 11 ITER 1] Loss: 0.363317 (accuracy: 0.893082)
[EPOCH 11 ITER 2] Loss: 0.398541 (accuracy: 0.830189)
[EPOCH 11 ITER 3] Loss: 0.397801 (accuracy: 0.823899)
[EPOCH 12 ITER 0] Loss: 0.399174 (accuracy: 0.817610)
[EPOCH 12 ITER 1] Loss: 0.374896 (accuracy: 0.867925)
[EPOCH 12 ITER 2] Validation Loss: 0.349825 (accuracy: 0.867925)
[EPOCH 12 ITER 2] Loss: 0.350592 (accuracy: 0.867925)
[EPOCH 12 ITER 3] Loss: 0.426789 (accuracy: 0.823899)
[EPOCH 13 ITER 0] Loss: 0.442383 (accuracy: 0.880503)
[EPOCH 13 ITER 1] Loss: 0.380509 (accuracy: 0.849057)
[EPOCH 13 ITER 2] Loss: 0.404193 (accuracy: 0.805031)
[EPOCH 13 ITER 3] Validation Loss: 0.363990 (accuracy: 0.842767)
[EPOCH 13 ITER 3] Loss: 0.358067 (accuracy: 0.867925)
[EPOCH 14 ITER 0] Loss: 0.371254 (accuracy: 0.836478)
[EPOCH 14 ITER 1] Loss: 0.351736 (accuracy: 0.874214)
[EPOCH 14 ITER 2] Loss: 0.402634 (accuracy: 0.830189)
[EPOCH 14 ITER 3] Loss: 0.379027 (accuracy: 0.861635)
[EPOCH 15 ITER 0] Validation Loss: 0.338628 (accuracy: 0.867925)
[EPOCH 15 ITER 0] Loss: 0.324750 (accuracy: 0.880503)
[EPOCH 15 ITER 1] Loss: 0.425202 (accuracy: 0.817610)
[EPOCH 15 ITER 2] Loss: 0.326561 (accuracy: 0.880503)
[EPOCH 15 ITER 3] Loss: 0.339388 (accuracy: 0.874214)
[EPOCH 16 ITER 0] Loss: 0.315533 (accuracy: 0.849057)
[EPOCH 16 ITER 1] Validation Loss: 0.343768 (accuracy: 0.880503)
[EPOCH 16 ITER 1] Loss: 0.312187 (accuracy: 0.880503)
[EPOCH 16 ITER 2] Loss: 0.393753 (accuracy: 0.830189)
[EPOCH 16 ITER 3] Loss: 0.356413 (accuracy: 0.874214)
[EPOCH 17 ITER 0] Loss: 0.363738 (accuracy: 0.886792)
[EPOCH 17 ITER 1] Loss: 0.356933 (accuracy: 0.886792)
[EPOCH 17 ITER 2] Validation Loss: 0.314655 (accuracy: 0.905660)
[EPOCH 17 ITER 2] Loss: 0.320643 (accuracy: 0.924528)
[EPOCH 17 ITER 3] Loss: 0.325145 (accuracy: 0.855346)
[EPOCH 18 ITER 0] Loss: 0.311885 (accuracy: 0.886792)
[EPOCH 18 ITER 1] Loss: 0.286914 (accuracy: 0.867925)
[EPOCH 18 ITER 2] Loss: 0.358953 (accuracy: 0.823899)
[EPOCH 18 ITER 3] Validation Loss: 0.300720 (accuracy: 0.905660)
[EPOCH 18 ITER 3] Loss: 0.370909 (accuracy: 0.823899)
[EPOCH 19 ITER 0] Loss: 0.317082 (accuracy: 0.899371)
[EPOCH 19 ITER 1] Loss: 0.308108 (accuracy: 0.893082)
[EPOCH 19 ITER 2] Loss: 0.322357 (accuracy: 0.874214)
[EPOCH 19 ITER 3] Loss: 0.380972 (accuracy: 0.805031)
[EPOCH 20 ITER 0] Validation Loss: 0.305250 (accuracy: 0.886792)
[EPOCH 20 ITER 0] Loss: 0.328600 (accuracy: 0.880503)
[EPOCH 20 ITER 1] Loss: 0.334156 (accuracy: 0.874214)
[EPOCH 20 ITER 2] Loss: 0.316084 (accuracy: 0.861635)
[EPOCH 20 ITER 3] Loss: 0.302155 (accuracy: 0.874214)
[EPOCH 21 ITER 0] Loss: 0.362393 (accuracy: 0.855346)
[EPOCH 21 ITER 1] Validation Loss: 0.321764 (accuracy: 0.874214)
[EPOCH 21 ITER 1] Loss: 0.300831 (accuracy: 0.867925)
[EPOCH 21 ITER 2] Loss: 0.259609 (accuracy: 0.911950)
[EPOCH 21 ITER 3] Loss: 0.304575 (accuracy: 0.886792)
[EPOCH 22 ITER 0] Loss: 0.274783 (accuracy: 0.905660)
[EPOCH 22 ITER 1] Loss: 0.261719 (accuracy: 0.886792)
[EPOCH 22 ITER 2] Validation Loss: 0.297954 (accuracy: 0.886792)
[EPOCH 22 ITER 2] Loss: 0.250705 (accuracy: 0.930818)
[EPOCH 22 ITER 3] Loss: 0.320576 (accuracy: 0.855346)
[EPOCH 23 ITER 0] Loss: 0.286367 (accuracy: 0.849057)
[EPOCH 23 ITER 1] Loss: 0.281555 (accuracy: 0.880503)
[EPOCH 23 ITER 2] Loss: 0.330038 (accuracy: 0.855346)
[EPOCH 23 ITER 3] Validation Loss: 0.263828 (accuracy: 0.911950)
[EPOCH 23 ITER 3] Loss: 0.258616 (accuracy: 0.911950)
[EPOCH 24 ITER 0] Loss: 0.335162 (accuracy: 0.874214)
[EPOCH 24 ITER 1] Loss: 0.275687 (accuracy: 0.911950)
[EPOCH 24 ITER 2] Loss: 0.286219 (accuracy: 0.886792)
[EPOCH 24 ITER 3] Loss: 0.271102 (accuracy: 0.893082)
[EPOCH 25 ITER 0] Validation Loss: 0.277607 (accuracy: 0.886792)
[EPOCH 25 ITER 0] Loss: 0.304515 (accuracy: 0.874214)
[EPOCH 25 ITER 1] Loss: 0.296349 (accuracy: 0.886792)
[EPOCH 25 ITER 2] Loss: 0.285949 (accuracy: 0.911950)
[EPOCH 25 ITER 3] Loss: 0.275143 (accuracy: 0.886792)
[EPOCH 26 ITER 0] Loss: 0.253111 (accuracy: 0.955975)
[EPOCH 26 ITER 1] Validation Loss: 0.225037 (accuracy: 0.930818)
[EPOCH 26 ITER 1] Loss: 0.240747 (accuracy: 0.943396)
[EPOCH 26 ITER 2] Loss: 0.263700 (accuracy: 0.899371)
[EPOCH 26 ITER 3] Loss: 0.270346 (accuracy: 0.855346)
[EPOCH 27 ITER 0] Loss: 0.298148 (accuracy: 0.861635)
[EPOCH 27 ITER 1] Loss: 0.251060 (accuracy: 0.893082)
[EPOCH 27 ITER 2] Validation Loss: 0.251229 (accuracy: 0.899371)
[EPOCH 27 ITER 2] Loss: 0.247590 (accuracy: 0.918239)
[EPOCH 27 ITER 3] Loss: 0.284142 (accuracy: 0.893082)
[EPOCH 28 ITER 0] Loss: 0.329689 (accuracy: 0.899371)
[EPOCH 28 ITER 1] Loss: 0.296152 (accuracy: 0.905660)
[EPOCH 28 ITER 2] Loss: 0.242857 (accuracy: 0.924528)
[EPOCH 28 ITER 3] Validation Loss: 0.239141 (accuracy: 0.886792)
[EPOCH 28 ITER 3] Loss: 0.234461 (accuracy: 0.911950)
[EPOCH 29 ITER 0] Loss: 0.270579 (accuracy: 0.886792)
[EPOCH 29 ITER 1] Loss: 0.264838 (accuracy: 0.893082)
[EPOCH 29 ITER 2] Loss: 0.265100 (accuracy: 0.937107)
[EPOCH 29 ITER 3] Loss: 0.238671 (accuracy: 0.937107)
CONFUSION MATRIX FOR TRAINING
[[416  24]
 [ 31 165]]